2026-01-23T06:08:12.747+05:30  INFO 14364 --- [account-service] [main] c.e.a.l.LoanServiceApplication           : Starting LoanServiceApplication using Java 17.0.9 with PID 14364 (E:\WorkSpace\microservice-learning\loan-service\target\classes started by ASUS in E:\WorkSpace\microservice-learning\loan-service)
2026-01-23T06:08:12.751+05:30 DEBUG 14364 --- [account-service] [main] c.e.a.l.LoanServiceApplication           : Running with Spring Boot v3.5.9, Spring v6.2.15
2026-01-23T06:08:12.752+05:30  INFO 14364 --- [account-service] [main] c.e.a.l.LoanServiceApplication           : No active profile set, falling back to 1 default profile: "default"
2026-01-23T06:08:13.661+05:30  INFO 14364 --- [account-service] [main] .s.d.r.c.RepositoryConfigurationDelegate : Bootstrapping Spring Data JPA repositories in DEFAULT mode.
2026-01-23T06:08:13.692+05:30  INFO 14364 --- [account-service] [main] .s.d.r.c.RepositoryConfigurationDelegate : Finished Spring Data repository scanning in 13 ms. Found 0 JPA repository interfaces.
2026-01-23T06:08:14.158+05:30  INFO 14364 --- [account-service] [main] o.s.b.w.embedded.tomcat.TomcatWebServer  : Tomcat initialized with port 8091 (http)
2026-01-23T06:08:14.173+05:30  INFO 14364 --- [account-service] [main] o.apache.catalina.core.StandardService   : Starting service [Tomcat]
2026-01-23T06:08:14.173+05:30  INFO 14364 --- [account-service] [main] o.apache.catalina.core.StandardEngine    : Starting Servlet engine: [Apache Tomcat/10.1.50]
2026-01-23T06:08:14.240+05:30  INFO 14364 --- [account-service] [main] o.a.c.c.C.[Tomcat].[localhost].[/]       : Initializing Spring embedded WebApplicationContext
2026-01-23T06:08:14.240+05:30  INFO 14364 --- [account-service] [main] w.s.c.ServletWebServerApplicationContext : Root WebApplicationContext: initialization completed in 1439 ms
2026-01-23T06:08:14.434+05:30  INFO 14364 --- [account-service] [main] o.hibernate.jpa.internal.util.LogHelper  : HHH000204: Processing PersistenceUnitInfo [name: default]
2026-01-23T06:08:14.515+05:30  INFO 14364 --- [account-service] [main] org.hibernate.Version                    : HHH000412: Hibernate ORM core version 6.6.39.Final
2026-01-23T06:08:14.553+05:30  INFO 14364 --- [account-service] [main] o.h.c.internal.RegionFactoryInitiator    : HHH000026: Second-level cache disabled
2026-01-23T06:08:14.902+05:30  INFO 14364 --- [account-service] [main] o.s.o.j.p.SpringPersistenceUnitInfo      : No LoadTimeWeaver setup: ignoring JPA class transformer
2026-01-23T06:08:14.937+05:30  INFO 14364 --- [account-service] [main] com.zaxxer.hikari.HikariDataSource       : HikariPool-1 - Starting...
2026-01-23T06:08:15.350+05:30  INFO 14364 --- [account-service] [main] com.zaxxer.hikari.pool.HikariPool        : HikariPool-1 - Added connection com.mysql.cj.jdbc.ConnectionImpl@21540255
2026-01-23T06:08:15.352+05:30  INFO 14364 --- [account-service] [main] com.zaxxer.hikari.HikariDataSource       : HikariPool-1 - Start completed.
2026-01-23T06:08:15.422+05:30  WARN 14364 --- [account-service] [main] org.hibernate.orm.deprecation            : HHH90000025: MySQL8Dialect does not need to be specified explicitly using 'hibernate.dialect' (remove the property setting and it will be selected by default)
2026-01-23T06:08:15.423+05:30  WARN 14364 --- [account-service] [main] org.hibernate.orm.deprecation            : HHH90000026: MySQL8Dialect has been deprecated; use org.hibernate.dialect.MySQLDialect instead
2026-01-23T06:08:15.441+05:30  INFO 14364 --- [account-service] [main] org.hibernate.orm.connections.pooling    : HHH10001005: Database info:
	Database JDBC URL [Connecting through datasource 'HikariDataSource (HikariPool-1)']
	Database driver: undefined/unknown
	Database version: 8.0
	Autocommit mode: undefined/unknown
	Isolation level: undefined/unknown
	Minimum pool size: undefined/unknown
	Maximum pool size: undefined/unknown
2026-01-23T06:08:15.838+05:30  INFO 14364 --- [account-service] [main] o.h.e.t.j.p.i.JtaPlatformInitiator       : HHH000489: No JTA platform available (set 'hibernate.transaction.jta.platform' to enable JTA platform integration)
2026-01-23T06:08:15.843+05:30  INFO 14364 --- [account-service] [main] j.LocalContainerEntityManagerFactoryBean : Initialized JPA EntityManagerFactory for persistence unit 'default'
2026-01-23T06:08:16.079+05:30  WARN 14364 --- [account-service] [main] JpaBaseConfiguration$JpaWebConfiguration : spring.jpa.open-in-view is enabled by default. Therefore, database queries may be performed during view rendering. Explicitly configure spring.jpa.open-in-view to disable this warning
2026-01-23T06:08:16.627+05:30  INFO 14364 --- [account-service] [main] o.s.b.w.embedded.tomcat.TomcatWebServer  : Tomcat started on port 8091 (http) with context path '/'
2026-01-23T06:08:16.635+05:30  INFO 14364 --- [account-service] [main] c.e.a.l.LoanServiceApplication           : Started LoanServiceApplication in 4.669 seconds (process running for 5.723)
2026-01-23T06:08:16.638+05:30  WARN 14364 --- [account-service] [main] o.s.core.events.SpringDocAppInitializer  : SpringDoc /v3/api-docs endpoint is enabled by default. To disable it in production, set the property 'springdoc.api-docs.enabled=false'
2026-01-23T06:08:16.639+05:30  WARN 14364 --- [account-service] [main] o.s.core.events.SpringDocAppInitializer  : SpringDoc /swagger-ui.html endpoint is enabled by default. To disable it in production, set the property 'springdoc.swagger-ui.enabled=false'
2026-01-23T06:45:27.503+05:30  INFO 14364 --- [account-service] [SpringApplicationShutdownHook] o.s.b.w.e.tomcat.GracefulShutdown        : Commencing graceful shutdown. Waiting for active requests to complete
2026-01-23T06:45:27.565+05:30  INFO 14364 --- [account-service] [tomcat-shutdown] o.s.b.w.e.tomcat.GracefulShutdown        : Graceful shutdown complete
2026-01-23T06:45:27.591+05:30  INFO 14364 --- [account-service] [SpringApplicationShutdownHook] j.LocalContainerEntityManagerFactoryBean : Closing JPA EntityManagerFactory for persistence unit 'default'
2026-01-23T06:45:27.605+05:30  INFO 14364 --- [account-service] [SpringApplicationShutdownHook] com.zaxxer.hikari.HikariDataSource       : HikariPool-1 - Shutdown initiated...
2026-01-23T06:45:27.611+05:30  INFO 14364 --- [account-service] [SpringApplicationShutdownHook] com.zaxxer.hikari.HikariDataSource       : HikariPool-1 - Shutdown completed.
2026-01-23T06:51:35.428+05:30  INFO 11788 --- [account-service] [main] c.e.a.l.LoanServiceApplication           : Starting LoanServiceApplication using Java 17.0.9 with PID 11788 (E:\WorkSpace\microservice-learning\loan-service\target\classes started by ASUS in E:\WorkSpace\microservice-learning\loan-service)
2026-01-23T06:51:35.430+05:30 DEBUG 11788 --- [account-service] [main] c.e.a.l.LoanServiceApplication           : Running with Spring Boot v3.5.9, Spring v6.2.15
2026-01-23T06:51:35.431+05:30  INFO 11788 --- [account-service] [main] c.e.a.l.LoanServiceApplication           : No active profile set, falling back to 1 default profile: "default"
2026-01-23T06:51:36.600+05:30  INFO 11788 --- [account-service] [main] .s.d.r.c.RepositoryConfigurationDelegate : Bootstrapping Spring Data JPA repositories in DEFAULT mode.
2026-01-23T06:51:36.658+05:30  INFO 11788 --- [account-service] [main] .s.d.r.c.RepositoryConfigurationDelegate : Finished Spring Data repository scanning in 48 ms. Found 1 JPA repository interface.
2026-01-23T06:51:37.277+05:30  INFO 11788 --- [account-service] [main] o.s.b.w.embedded.tomcat.TomcatWebServer  : Tomcat initialized with port 8091 (http)
2026-01-23T06:51:37.291+05:30  INFO 11788 --- [account-service] [main] o.apache.catalina.core.StandardService   : Starting service [Tomcat]
2026-01-23T06:51:37.292+05:30  INFO 11788 --- [account-service] [main] o.apache.catalina.core.StandardEngine    : Starting Servlet engine: [Apache Tomcat/10.1.50]
2026-01-23T06:51:37.359+05:30  INFO 11788 --- [account-service] [main] o.a.c.c.C.[Tomcat].[localhost].[/]       : Initializing Spring embedded WebApplicationContext
2026-01-23T06:51:37.359+05:30  INFO 11788 --- [account-service] [main] w.s.c.ServletWebServerApplicationContext : Root WebApplicationContext: initialization completed in 1884 ms
2026-01-23T06:51:37.573+05:30  INFO 11788 --- [account-service] [main] o.hibernate.jpa.internal.util.LogHelper  : HHH000204: Processing PersistenceUnitInfo [name: default]
2026-01-23T06:51:37.672+05:30  INFO 11788 --- [account-service] [main] org.hibernate.Version                    : HHH000412: Hibernate ORM core version 6.6.39.Final
2026-01-23T06:51:37.724+05:30  INFO 11788 --- [account-service] [main] o.h.c.internal.RegionFactoryInitiator    : HHH000026: Second-level cache disabled
2026-01-23T06:51:38.050+05:30  INFO 11788 --- [account-service] [main] o.s.o.j.p.SpringPersistenceUnitInfo      : No LoadTimeWeaver setup: ignoring JPA class transformer
2026-01-23T06:51:38.087+05:30  INFO 11788 --- [account-service] [main] com.zaxxer.hikari.HikariDataSource       : HikariPool-1 - Starting...
2026-01-23T06:51:38.506+05:30  INFO 11788 --- [account-service] [main] com.zaxxer.hikari.pool.HikariPool        : HikariPool-1 - Added connection com.mysql.cj.jdbc.ConnectionImpl@27746c5e
2026-01-23T06:51:38.509+05:30  INFO 11788 --- [account-service] [main] com.zaxxer.hikari.HikariDataSource       : HikariPool-1 - Start completed.
2026-01-23T06:51:38.587+05:30  WARN 11788 --- [account-service] [main] org.hibernate.orm.deprecation            : HHH90000025: MySQL8Dialect does not need to be specified explicitly using 'hibernate.dialect' (remove the property setting and it will be selected by default)
2026-01-23T06:51:38.588+05:30  WARN 11788 --- [account-service] [main] org.hibernate.orm.deprecation            : HHH90000026: MySQL8Dialect has been deprecated; use org.hibernate.dialect.MySQLDialect instead
2026-01-23T06:51:38.606+05:30  INFO 11788 --- [account-service] [main] org.hibernate.orm.connections.pooling    : HHH10001005: Database info:
	Database JDBC URL [Connecting through datasource 'HikariDataSource (HikariPool-1)']
	Database driver: undefined/unknown
	Database version: 8.0
	Autocommit mode: undefined/unknown
	Isolation level: undefined/unknown
	Minimum pool size: undefined/unknown
	Maximum pool size: undefined/unknown
2026-01-23T06:51:39.528+05:30  INFO 11788 --- [account-service] [main] o.h.e.t.j.p.i.JtaPlatformInitiator       : HHH000489: No JTA platform available (set 'hibernate.transaction.jta.platform' to enable JTA platform integration)
2026-01-23T06:51:39.630+05:30 DEBUG 11788 --- [account-service] [main] org.hibernate.SQL                        : 
    create table loans (
        loan_id bigint not null auto_increment,
        amount_paid decimal(38,2) not null,
        loan_type varchar(255) not null,
        mobile_number varchar(255) not null,
        outstanding_amount decimal(38,2) not null,
        total_loan decimal(38,2) not null,
        primary key (loan_id)
    ) engine=InnoDB
2026-01-23T06:51:39.719+05:30  INFO 11788 --- [account-service] [main] j.LocalContainerEntityManagerFactoryBean : Initialized JPA EntityManagerFactory for persistence unit 'default'
2026-01-23T06:51:40.266+05:30  WARN 11788 --- [account-service] [main] JpaBaseConfiguration$JpaWebConfiguration : spring.jpa.open-in-view is enabled by default. Therefore, database queries may be performed during view rendering. Explicitly configure spring.jpa.open-in-view to disable this warning
2026-01-23T06:51:40.762+05:30  INFO 11788 --- [account-service] [main] o.s.b.w.embedded.tomcat.TomcatWebServer  : Tomcat started on port 8091 (http) with context path '/'
2026-01-23T06:51:40.772+05:30  INFO 11788 --- [account-service] [main] c.e.a.l.LoanServiceApplication           : Started LoanServiceApplication in 5.9 seconds (process running for 6.691)
2026-01-23T06:51:40.775+05:30  WARN 11788 --- [account-service] [main] o.s.core.events.SpringDocAppInitializer  : SpringDoc /v3/api-docs endpoint is enabled by default. To disable it in production, set the property 'springdoc.api-docs.enabled=false'
2026-01-23T06:51:40.775+05:30  WARN 11788 --- [account-service] [main] o.s.core.events.SpringDocAppInitializer  : SpringDoc /swagger-ui.html endpoint is enabled by default. To disable it in production, set the property 'springdoc.swagger-ui.enabled=false'
2026-01-23T06:51:56.721+05:30  INFO 11788 --- [account-service] [http-nio-8091-exec-1] o.a.c.c.C.[Tomcat].[localhost].[/]       : Initializing Spring DispatcherServlet 'dispatcherServlet'
2026-01-23T06:51:56.722+05:30  INFO 11788 --- [account-service] [http-nio-8091-exec-1] o.s.web.servlet.DispatcherServlet        : Initializing Servlet 'dispatcherServlet'
2026-01-23T06:51:56.723+05:30  INFO 11788 --- [account-service] [http-nio-8091-exec-1] o.s.web.servlet.DispatcherServlet        : Completed initialization in 1 ms
2026-01-23T06:51:57.608+05:30  INFO 11788 --- [account-service] [http-nio-8091-exec-9] o.springdoc.api.AbstractOpenApiResource  : Init duration for springdoc-openapi is: 344 ms
2026-01-23T06:55:00.734+05:30  INFO 11788 --- [account-service] [SpringApplicationShutdownHook] o.s.b.w.e.tomcat.GracefulShutdown        : Commencing graceful shutdown. Waiting for active requests to complete
2026-01-23T06:55:00.783+05:30  INFO 11788 --- [account-service] [tomcat-shutdown] o.s.b.w.e.tomcat.GracefulShutdown        : Graceful shutdown complete
2026-01-23T06:55:00.790+05:30  INFO 11788 --- [account-service] [SpringApplicationShutdownHook] j.LocalContainerEntityManagerFactoryBean : Closing JPA EntityManagerFactory for persistence unit 'default'
2026-01-23T06:55:00.798+05:30  INFO 11788 --- [account-service] [SpringApplicationShutdownHook] com.zaxxer.hikari.HikariDataSource       : HikariPool-1 - Shutdown initiated...
2026-01-23T06:55:00.809+05:30  INFO 11788 --- [account-service] [SpringApplicationShutdownHook] com.zaxxer.hikari.HikariDataSource       : HikariPool-1 - Shutdown completed.
2026-01-23T06:55:05.811+05:30  INFO 10040 --- [account-service] [main] c.e.a.l.LoanServiceApplication           : Starting LoanServiceApplication using Java 17.0.9 with PID 10040 (E:\WorkSpace\microservice-learning\loan-service\target\classes started by ASUS in E:\WorkSpace\microservice-learning\loan-service)
2026-01-23T06:55:05.815+05:30 DEBUG 10040 --- [account-service] [main] c.e.a.l.LoanServiceApplication           : Running with Spring Boot v3.5.9, Spring v6.2.15
2026-01-23T06:55:05.817+05:30  INFO 10040 --- [account-service] [main] c.e.a.l.LoanServiceApplication           : No active profile set, falling back to 1 default profile: "default"
2026-01-23T06:55:06.845+05:30  INFO 10040 --- [account-service] [main] .s.d.r.c.RepositoryConfigurationDelegate : Bootstrapping Spring Data JPA repositories in DEFAULT mode.
2026-01-23T06:55:06.897+05:30  INFO 10040 --- [account-service] [main] .s.d.r.c.RepositoryConfigurationDelegate : Finished Spring Data repository scanning in 46 ms. Found 1 JPA repository interface.
2026-01-23T06:55:07.489+05:30  INFO 10040 --- [account-service] [main] o.s.b.w.embedded.tomcat.TomcatWebServer  : Tomcat initialized with port 8091 (http)
2026-01-23T06:55:07.506+05:30  INFO 10040 --- [account-service] [main] o.apache.catalina.core.StandardService   : Starting service [Tomcat]
2026-01-23T06:55:07.506+05:30  INFO 10040 --- [account-service] [main] o.apache.catalina.core.StandardEngine    : Starting Servlet engine: [Apache Tomcat/10.1.50]
2026-01-23T06:55:07.582+05:30  INFO 10040 --- [account-service] [main] o.a.c.c.C.[Tomcat].[localhost].[/]       : Initializing Spring embedded WebApplicationContext
2026-01-23T06:55:07.582+05:30  INFO 10040 --- [account-service] [main] w.s.c.ServletWebServerApplicationContext : Root WebApplicationContext: initialization completed in 1694 ms
2026-01-23T06:55:07.809+05:30  INFO 10040 --- [account-service] [main] o.hibernate.jpa.internal.util.LogHelper  : HHH000204: Processing PersistenceUnitInfo [name: default]
2026-01-23T06:55:07.887+05:30  INFO 10040 --- [account-service] [main] org.hibernate.Version                    : HHH000412: Hibernate ORM core version 6.6.39.Final
2026-01-23T06:55:07.939+05:30  INFO 10040 --- [account-service] [main] o.h.c.internal.RegionFactoryInitiator    : HHH000026: Second-level cache disabled
2026-01-23T06:55:08.246+05:30  INFO 10040 --- [account-service] [main] o.s.o.j.p.SpringPersistenceUnitInfo      : No LoadTimeWeaver setup: ignoring JPA class transformer
2026-01-23T06:55:08.279+05:30  INFO 10040 --- [account-service] [main] com.zaxxer.hikari.HikariDataSource       : HikariPool-1 - Starting...
2026-01-23T06:55:08.725+05:30  INFO 10040 --- [account-service] [main] com.zaxxer.hikari.pool.HikariPool        : HikariPool-1 - Added connection com.mysql.cj.jdbc.ConnectionImpl@51fb5fe6
2026-01-23T06:55:08.727+05:30  INFO 10040 --- [account-service] [main] com.zaxxer.hikari.HikariDataSource       : HikariPool-1 - Start completed.
2026-01-23T06:55:08.799+05:30  WARN 10040 --- [account-service] [main] org.hibernate.orm.deprecation            : HHH90000025: MySQL8Dialect does not need to be specified explicitly using 'hibernate.dialect' (remove the property setting and it will be selected by default)
2026-01-23T06:55:08.800+05:30  WARN 10040 --- [account-service] [main] org.hibernate.orm.deprecation            : HHH90000026: MySQL8Dialect has been deprecated; use org.hibernate.dialect.MySQLDialect instead
2026-01-23T06:55:08.828+05:30  INFO 10040 --- [account-service] [main] org.hibernate.orm.connections.pooling    : HHH10001005: Database info:
	Database JDBC URL [Connecting through datasource 'HikariDataSource (HikariPool-1)']
	Database driver: undefined/unknown
	Database version: 8.0
	Autocommit mode: undefined/unknown
	Isolation level: undefined/unknown
	Minimum pool size: undefined/unknown
	Maximum pool size: undefined/unknown
2026-01-23T06:55:09.787+05:30  INFO 10040 --- [account-service] [main] o.h.e.t.j.p.i.JtaPlatformInitiator       : HHH000489: No JTA platform available (set 'hibernate.transaction.jta.platform' to enable JTA platform integration)
2026-01-23T06:55:10.144+05:30  INFO 10040 --- [account-service] [main] j.LocalContainerEntityManagerFactoryBean : Initialized JPA EntityManagerFactory for persistence unit 'default'
2026-01-23T06:55:10.556+05:30  WARN 10040 --- [account-service] [main] JpaBaseConfiguration$JpaWebConfiguration : spring.jpa.open-in-view is enabled by default. Therefore, database queries may be performed during view rendering. Explicitly configure spring.jpa.open-in-view to disable this warning
2026-01-23T06:55:11.031+05:30  INFO 10040 --- [account-service] [main] o.s.b.w.embedded.tomcat.TomcatWebServer  : Tomcat started on port 8091 (http) with context path '/'
2026-01-23T06:55:11.041+05:30  INFO 10040 --- [account-service] [main] c.e.a.l.LoanServiceApplication           : Started LoanServiceApplication in 5.916 seconds (process running for 6.619)
2026-01-23T06:55:11.043+05:30  WARN 10040 --- [account-service] [main] o.s.core.events.SpringDocAppInitializer  : SpringDoc /v3/api-docs endpoint is enabled by default. To disable it in production, set the property 'springdoc.api-docs.enabled=false'
2026-01-23T06:55:11.044+05:30  WARN 10040 --- [account-service] [main] o.s.core.events.SpringDocAppInitializer  : SpringDoc /swagger-ui.html endpoint is enabled by default. To disable it in production, set the property 'springdoc.swagger-ui.enabled=false'
2026-01-23T06:55:38.091+05:30  INFO 10040 --- [account-service] [http-nio-8091-exec-1] o.a.c.c.C.[Tomcat].[localhost].[/]       : Initializing Spring DispatcherServlet 'dispatcherServlet'
2026-01-23T06:55:38.092+05:30  INFO 10040 --- [account-service] [http-nio-8091-exec-1] o.s.web.servlet.DispatcherServlet        : Initializing Servlet 'dispatcherServlet'
2026-01-23T06:55:38.093+05:30  INFO 10040 --- [account-service] [http-nio-8091-exec-1] o.s.web.servlet.DispatcherServlet        : Completed initialization in 1 ms
2026-01-23T06:55:38.378+05:30 DEBUG 10040 --- [account-service] [http-nio-8091-exec-1] org.hibernate.SQL                        : 
    select
        l1_0.loan_id 
    from
        loans l1_0 
    where
        l1_0.mobile_number=? 
    limit
        ?
2026-01-23T06:55:38.452+05:30 DEBUG 10040 --- [account-service] [http-nio-8091-exec-1] org.hibernate.SQL                        : 
    insert 
    into
        loans
        (amount_paid, loan_type, mobile_number, outstanding_amount, total_loan) 
    values
        (?, ?, ?, ?, ?)
2026-01-23T06:56:20.366+05:30 DEBUG 10040 --- [account-service] [http-nio-8091-exec-3] org.hibernate.SQL                        : 
    select
        l1_0.loan_id,
        l1_0.amount_paid,
        l1_0.loan_type,
        l1_0.mobile_number,
        l1_0.outstanding_amount,
        l1_0.total_loan 
    from
        loans l1_0 
    where
        l1_0.mobile_number=?
2026-01-23T06:57:26.089+05:30 DEBUG 10040 --- [account-service] [http-nio-8091-exec-6] org.hibernate.SQL                        : 
    select
        l1_0.loan_id,
        l1_0.amount_paid,
        l1_0.loan_type,
        l1_0.mobile_number,
        l1_0.outstanding_amount,
        l1_0.total_loan 
    from
        loans l1_0 
    where
        l1_0.mobile_number=?
2026-01-23T06:57:53.860+05:30 DEBUG 10040 --- [account-service] [http-nio-8091-exec-7] org.hibernate.SQL                        : 
    select
        l1_0.loan_id,
        l1_0.amount_paid,
        l1_0.loan_type,
        l1_0.mobile_number,
        l1_0.outstanding_amount,
        l1_0.total_loan 
    from
        loans l1_0 
    where
        l1_0.loan_id=?
2026-01-23T06:57:53.874+05:30 DEBUG 10040 --- [account-service] [http-nio-8091-exec-7] org.hibernate.SQL                        : 
    update
        loans 
    set
        amount_paid=?,
        loan_type=?,
        mobile_number=?,
        outstanding_amount=?,
        total_loan=? 
    where
        loan_id=?
2026-01-23T06:58:07.453+05:30 DEBUG 10040 --- [account-service] [http-nio-8091-exec-4] org.hibernate.SQL                        : 
    select
        l1_0.loan_id,
        l1_0.amount_paid,
        l1_0.loan_type,
        l1_0.mobile_number,
        l1_0.outstanding_amount,
        l1_0.total_loan 
    from
        loans l1_0 
    where
        l1_0.mobile_number=?
2026-01-23T06:58:25.187+05:30  INFO 10040 --- [account-service] [SpringApplicationShutdownHook] o.s.b.w.e.tomcat.GracefulShutdown        : Commencing graceful shutdown. Waiting for active requests to complete
2026-01-23T06:58:25.238+05:30  INFO 10040 --- [account-service] [tomcat-shutdown] o.s.b.w.e.tomcat.GracefulShutdown        : Graceful shutdown complete
2026-01-23T06:58:25.241+05:30  INFO 10040 --- [account-service] [SpringApplicationShutdownHook] j.LocalContainerEntityManagerFactoryBean : Closing JPA EntityManagerFactory for persistence unit 'default'
2026-01-23T06:58:25.244+05:30  INFO 10040 --- [account-service] [SpringApplicationShutdownHook] com.zaxxer.hikari.HikariDataSource       : HikariPool-1 - Shutdown initiated...
2026-01-23T06:58:25.251+05:30  INFO 10040 --- [account-service] [SpringApplicationShutdownHook] com.zaxxer.hikari.HikariDataSource       : HikariPool-1 - Shutdown completed.
